/home/adriel/dwm_ws/install/locator/lib/python3.10/site-packages/locator/__init__.py
/home/adriel/dwm_ws/install/locator/lib/python3.10/site-packages/locator/new_serial_port_sub.py
/home/adriel/dwm_ws/install/locator/lib/python3.10/site-packages/locator/serial_port_pub.py
/home/adriel/dwm_ws/install/locator/lib/python3.10/site-packages/locator/__pycache__/__init__.cpython-310.pyc
/home/adriel/dwm_ws/install/locator/lib/python3.10/site-packages/locator/__pycache__/new_serial_port_sub.cpython-310.pyc
/home/adriel/dwm_ws/install/locator/lib/python3.10/site-packages/locator/__pycache__/serial_port_pub.cpython-310.pyc
/home/adriel/dwm_ws/install/locator/share/ament_index/resource_index/packages/locator
/home/adriel/dwm_ws/install/locator/share/locator/package.xml
/home/adriel/dwm_ws/install/locator/share/locator/config
/home/adriel/dwm_ws/install/locator/lib/python3.10/site-packages/locator-0.0.0-py3.10.egg-info/entry_points.txt
/home/adriel/dwm_ws/install/locator/lib/python3.10/site-packages/locator-0.0.0-py3.10.egg-info/dependency_links.txt
/home/adriel/dwm_ws/install/locator/lib/python3.10/site-packages/locator-0.0.0-py3.10.egg-info/requires.txt
/home/adriel/dwm_ws/install/locator/lib/python3.10/site-packages/locator-0.0.0-py3.10.egg-info/SOURCES.txt
/home/adriel/dwm_ws/install/locator/lib/python3.10/site-packages/locator-0.0.0-py3.10.egg-info/PKG-INFO
/home/adriel/dwm_ws/install/locator/lib/python3.10/site-packages/locator-0.0.0-py3.10.egg-info/zip-safe
/home/adriel/dwm_ws/install/locator/lib/python3.10/site-packages/locator-0.0.0-py3.10.egg-info/top_level.txt
/home/adriel/dwm_ws/install/locator/lib/locator/DWranging
/home/adriel/dwm_ws/install/locator/lib/locator/new_serial_sub
/home/adriel/dwm_ws/install/locator/lib/locator/serial_pub
/home/adriel/dwm_ws/install/locator/lib/locator/serial_sub
/home/adriel/dwm_ws/install/locator/lib/locator/uwb_logs
