[0.549s] Invoking command in '/home/adriel/dwm_ws/src/launchers': PYTHONPATH=/home/adriel/dwm_ws/build/launchers/prefix_override:/home/adriel/dwm_ws/install/launchers/lib/python3.10/site-packages:${PYTHONPATH} /usr/bin/python3 setup.py egg_info --egg-base ../../build/launchers build --build-base /home/adriel/dwm_ws/build/launchers/build install --record /home/adriel/dwm_ws/build/launchers/install.log --single-version-externally-managed
[0.668s] running egg_info
[0.668s] creating ../../build/launchers/launchers.egg-info
[0.669s] writing ../../build/launchers/launchers.egg-info/PKG-INFO
[0.669s] writing dependency_links to ../../build/launchers/launchers.egg-info/dependency_links.txt
[0.669s] writing entry points to ../../build/launchers/launchers.egg-info/entry_points.txt
[0.669s] writing requirements to ../../build/launchers/launchers.egg-info/requires.txt
[0.669s] writing top-level names to ../../build/launchers/launchers.egg-info/top_level.txt
[0.669s] writing manifest file '../../build/launchers/launchers.egg-info/SOURCES.txt'
[0.669s] reading manifest file '../../build/launchers/launchers.egg-info/SOURCES.txt'
[0.670s] writing manifest file '../../build/launchers/launchers.egg-info/SOURCES.txt'
[0.670s] running build
[0.670s] running install
[0.670s] running install_data
[0.670s] creating /home/adriel/dwm_ws/install/launchers/share/ament_index
[0.670s] creating /home/adriel/dwm_ws/install/launchers/share/ament_index/resource_index
[0.670s] creating /home/adriel/dwm_ws/install/launchers/share/ament_index/resource_index/packages
[0.670s] copying resource/launchers -> /home/adriel/dwm_ws/install/launchers/share/ament_index/resource_index/packages
[0.670s] copying package.xml -> /home/adriel/dwm_ws/install/launchers/share/launchers
[0.670s] creating /home/adriel/dwm_ws/install/launchers/share/launchers/launch
[0.670s] copying launch/serial.launch.py -> /home/adriel/dwm_ws/install/launchers/share/launchers/launch
[0.670s] creating /home/adriel/dwm_ws/install/launchers/share/launchers/config
[0.670s] copying config/serial_params.yaml -> /home/adriel/dwm_ws/install/launchers/share/launchers/config
[0.670s] copying config/rviz_config.rviz -> /home/adriel/dwm_ws/install/launchers/share/launchers/config
[0.670s] running install_egg_info
[0.672s] Copying ../../build/launchers/launchers.egg-info to /home/adriel/dwm_ws/install/launchers/lib/python3.10/site-packages/launchers-0.0.0-py3.10.egg-info
[0.672s] running install_scripts
[0.683s] writing list of installed files to '/home/adriel/dwm_ws/build/launchers/install.log'
[0.718s] Invoked command in '/home/adriel/dwm_ws/src/launchers' returned '0': PYTHONPATH=/home/adriel/dwm_ws/build/launchers/prefix_override:/home/adriel/dwm_ws/install/launchers/lib/python3.10/site-packages:${PYTHONPATH} /usr/bin/python3 setup.py egg_info --egg-base ../../build/launchers build --build-base /home/adriel/dwm_ws/build/launchers/build install --record /home/adriel/dwm_ws/build/launchers/install.log --single-version-externally-managed
