[0.420s] DEBUG:colcon:Command line arguments: ['/usr/bin/colcon', 'build']
[0.420s] DEBUG:colcon:Parsed command line arguments: Namespace(log_base=None, log_level=None, verb_name='build', build_base='build', install_base='install', merge_install=False, symlink_install=False, test_result_base=None, continue_on_error=False, executor='parallel', parallel_workers=20, event_handlers=None, ignore_user_meta=False, metas=['./colcon.meta'], base_paths=['.'], packages_ignore=None, packages_ignore_regex=None, paths=None, packages_up_to=None, packages_up_to_regex=None, packages_above=None, packages_above_and_dependencies=None, packages_above_depth=None, packages_select_by_dep=None, packages_skip_by_dep=None, packages_skip_up_to=None, packages_select_build_failed=False, packages_skip_build_finished=False, packages_select_test_failures=False, packages_skip_test_passed=False, packages_select=None, packages_skip=None, packages_select_regex=None, packages_skip_regex=None, packages_start=None, packages_end=None, allow_overriding=[], cmake_args=None, cmake_target=None, cmake_target_skip_unavailable=False, cmake_clean_cache=False, cmake_clean_first=False, cmake_force_configure=False, ament_cmake_args=None, catkin_cmake_args=None, catkin_skip_building_tests=False, verb_parser=<colcon_defaults.argument_parser.defaults.DefaultArgumentsDecorator object at 0x7f9ad6615de0>, verb_extension=<colcon_core.verb.build.BuildVerb object at 0x7f9ad676cc10>, main=<bound method BuildVerb.main of <colcon_core.verb.build.BuildVerb object at 0x7f9ad676cc10>>)
[0.441s] Level 1:colcon.colcon_core.package_discovery:discover_packages(colcon_meta) check parameters
[0.441s] Level 1:colcon.colcon_core.package_discovery:discover_packages(recursive) check parameters
[0.441s] Level 1:colcon.colcon_core.package_discovery:discover_packages(ignore) check parameters
[0.441s] Level 1:colcon.colcon_core.package_discovery:discover_packages(path) check parameters
[0.441s] Level 1:colcon.colcon_core.package_discovery:discover_packages(colcon_meta) discover
[0.441s] Level 1:colcon.colcon_core.package_discovery:discover_packages(recursive) discover
[0.441s] INFO:colcon.colcon_core.package_discovery:Crawling recursively for packages in '/home/adriel/dwm_ws'
[0.441s] Level 1:colcon.colcon_core.package_identification:_identify(.) by extensions ['ignore', 'ignore_ament_install']
[0.441s] Level 1:colcon.colcon_core.package_identification:_identify(.) by extension 'ignore'
[0.441s] Level 1:colcon.colcon_core.package_identification:_identify(.) by extension 'ignore_ament_install'
[0.441s] Level 1:colcon.colcon_core.package_identification:_identify(.) by extensions ['colcon_pkg']
[0.441s] Level 1:colcon.colcon_core.package_identification:_identify(.) by extension 'colcon_pkg'
[0.441s] Level 1:colcon.colcon_core.package_identification:_identify(.) by extensions ['colcon_meta']
[0.441s] Level 1:colcon.colcon_core.package_identification:_identify(.) by extension 'colcon_meta'
[0.441s] Level 1:colcon.colcon_core.package_identification:_identify(.) by extensions ['ros']
[0.441s] Level 1:colcon.colcon_core.package_identification:_identify(.) by extension 'ros'
[0.446s] Level 1:colcon.colcon_core.package_identification:_identify(.) by extensions ['cmake', 'python']
[0.446s] Level 1:colcon.colcon_core.package_identification:_identify(.) by extension 'cmake'
[0.446s] Level 1:colcon.colcon_core.package_identification:_identify(.) by extension 'python'
[0.447s] Level 1:colcon.colcon_core.package_identification:_identify(.) by extensions ['python_setup_py']
[0.447s] Level 1:colcon.colcon_core.package_identification:_identify(.) by extension 'python_setup_py'
[0.447s] Level 1:colcon.colcon_core.package_identification:_identify(build) by extensions ['ignore', 'ignore_ament_install']
[0.447s] Level 1:colcon.colcon_core.package_identification:_identify(build) by extension 'ignore'
[0.447s] Level 1:colcon.colcon_core.package_identification:_identify(build) ignored
[0.447s] Level 1:colcon.colcon_core.package_identification:_identify(install) by extensions ['ignore', 'ignore_ament_install']
[0.447s] Level 1:colcon.colcon_core.package_identification:_identify(install) by extension 'ignore'
[0.447s] Level 1:colcon.colcon_core.package_identification:_identify(install) ignored
[0.447s] Level 1:colcon.colcon_core.package_identification:_identify(log) by extensions ['ignore', 'ignore_ament_install']
[0.447s] Level 1:colcon.colcon_core.package_identification:_identify(log) by extension 'ignore'
[0.447s] Level 1:colcon.colcon_core.package_identification:_identify(log) ignored
[0.447s] Level 1:colcon.colcon_core.package_identification:_identify(src) by extensions ['ignore', 'ignore_ament_install']
[0.447s] Level 1:colcon.colcon_core.package_identification:_identify(src) by extension 'ignore'
[0.447s] Level 1:colcon.colcon_core.package_identification:_identify(src) by extension 'ignore_ament_install'
[0.447s] Level 1:colcon.colcon_core.package_identification:_identify(src) by extensions ['colcon_pkg']
[0.447s] Level 1:colcon.colcon_core.package_identification:_identify(src) by extension 'colcon_pkg'
[0.447s] Level 1:colcon.colcon_core.package_identification:_identify(src) by extensions ['colcon_meta']
[0.447s] Level 1:colcon.colcon_core.package_identification:_identify(src) by extension 'colcon_meta'
[0.447s] Level 1:colcon.colcon_core.package_identification:_identify(src) by extensions ['ros']
[0.447s] Level 1:colcon.colcon_core.package_identification:_identify(src) by extension 'ros'
[0.447s] Level 1:colcon.colcon_core.package_identification:_identify(src) by extensions ['cmake', 'python']
[0.447s] Level 1:colcon.colcon_core.package_identification:_identify(src) by extension 'cmake'
[0.447s] Level 1:colcon.colcon_core.package_identification:_identify(src) by extension 'python'
[0.447s] Level 1:colcon.colcon_core.package_identification:_identify(src) by extensions ['python_setup_py']
[0.447s] Level 1:colcon.colcon_core.package_identification:_identify(src) by extension 'python_setup_py'
[0.447s] Level 1:colcon.colcon_core.package_identification:_identify(src/docs) by extensions ['ignore', 'ignore_ament_install']
[0.447s] Level 1:colcon.colcon_core.package_identification:_identify(src/docs) by extension 'ignore'
[0.447s] Level 1:colcon.colcon_core.package_identification:_identify(src/docs) by extension 'ignore_ament_install'
[0.447s] Level 1:colcon.colcon_core.package_identification:_identify(src/docs) by extensions ['colcon_pkg']
[0.447s] Level 1:colcon.colcon_core.package_identification:_identify(src/docs) by extension 'colcon_pkg'
[0.447s] Level 1:colcon.colcon_core.package_identification:_identify(src/docs) by extensions ['colcon_meta']
[0.447s] Level 1:colcon.colcon_core.package_identification:_identify(src/docs) by extension 'colcon_meta'
[0.447s] Level 1:colcon.colcon_core.package_identification:_identify(src/docs) by extensions ['ros']
[0.447s] Level 1:colcon.colcon_core.package_identification:_identify(src/docs) by extension 'ros'
[0.447s] Level 1:colcon.colcon_core.package_identification:_identify(src/docs) by extensions ['cmake', 'python']
[0.447s] Level 1:colcon.colcon_core.package_identification:_identify(src/docs) by extension 'cmake'
[0.447s] Level 1:colcon.colcon_core.package_identification:_identify(src/docs) by extension 'python'
[0.447s] Level 1:colcon.colcon_core.package_identification:_identify(src/docs) by extensions ['python_setup_py']
[0.447s] Level 1:colcon.colcon_core.package_identification:_identify(src/docs) by extension 'python_setup_py'
[0.447s] Level 1:colcon.colcon_core.package_identification:_identify(src/launchers) by extensions ['ignore', 'ignore_ament_install']
[0.447s] Level 1:colcon.colcon_core.package_identification:_identify(src/launchers) by extension 'ignore'
[0.447s] Level 1:colcon.colcon_core.package_identification:_identify(src/launchers) by extension 'ignore_ament_install'
[0.448s] Level 1:colcon.colcon_core.package_identification:_identify(src/launchers) by extensions ['colcon_pkg']
[0.448s] Level 1:colcon.colcon_core.package_identification:_identify(src/launchers) by extension 'colcon_pkg'
[0.448s] Level 1:colcon.colcon_core.package_identification:_identify(src/launchers) by extensions ['colcon_meta']
[0.448s] Level 1:colcon.colcon_core.package_identification:_identify(src/launchers) by extension 'colcon_meta'
[0.448s] Level 1:colcon.colcon_core.package_identification:_identify(src/launchers) by extensions ['ros']
[0.448s] Level 1:colcon.colcon_core.package_identification:_identify(src/launchers) by extension 'ros'
[0.449s] DEBUG:colcon.colcon_core.package_identification:Package 'src/launchers' with type 'ros.ament_python' and name 'launchers'
[0.449s] Level 1:colcon.colcon_core.package_identification:_identify(src/locator) by extensions ['ignore', 'ignore_ament_install']
[0.449s] Level 1:colcon.colcon_core.package_identification:_identify(src/locator) by extension 'ignore'
[0.449s] Level 1:colcon.colcon_core.package_identification:_identify(src/locator) by extension 'ignore_ament_install'
[0.449s] Level 1:colcon.colcon_core.package_identification:_identify(src/locator) by extensions ['colcon_pkg']
[0.449s] Level 1:colcon.colcon_core.package_identification:_identify(src/locator) by extension 'colcon_pkg'
[0.449s] Level 1:colcon.colcon_core.package_identification:_identify(src/locator) by extensions ['colcon_meta']
[0.449s] Level 1:colcon.colcon_core.package_identification:_identify(src/locator) by extension 'colcon_meta'
[0.449s] Level 1:colcon.colcon_core.package_identification:_identify(src/locator) by extensions ['ros']
[0.449s] Level 1:colcon.colcon_core.package_identification:_identify(src/locator) by extension 'ros'
[0.449s] DEBUG:colcon.colcon_core.package_identification:Package 'src/locator' with type 'ros.ament_python' and name 'locator'
[0.449s] Level 1:colcon.colcon_core.package_discovery:discover_packages(recursive) using defaults
[0.449s] Level 1:colcon.colcon_core.package_discovery:discover_packages(ignore) discover
[0.449s] Level 1:colcon.colcon_core.package_discovery:discover_packages(ignore) using defaults
[0.449s] Level 1:colcon.colcon_core.package_discovery:discover_packages(path) discover
[0.449s] Level 1:colcon.colcon_core.package_discovery:discover_packages(path) using defaults
[0.488s] Level 1:colcon.colcon_core.package_discovery:discover_packages(prefix_path) check parameters
[0.488s] Level 1:colcon.colcon_core.package_discovery:discover_packages(prefix_path) discover
[0.494s] WARNING:colcon.colcon_ros.prefix_path.ament:The path '/home/adriel/dwm_ws/install/locator' in the environment variable AMENT_PREFIX_PATH doesn't exist
[0.494s] WARNING:colcon.colcon_ros.prefix_path.ament:The path '/home/adriel/dwm_ws/install/my_locator' in the environment variable AMENT_PREFIX_PATH doesn't exist
[0.494s] WARNING:colcon.colcon_ros.prefix_path.ament:The path '/home/adriel/dwm_ws/install/launchers' in the environment variable AMENT_PREFIX_PATH doesn't exist
[0.499s] DEBUG:colcon.colcon_installed_package_information.package_discovery:Found 0 installed packages in /home/adriel/dwm_ws/install
[0.506s] DEBUG:colcon.colcon_installed_package_information.package_discovery:Found 277 installed packages in /opt/ros/humble
[0.507s] Level 1:colcon.colcon_core.package_discovery:discover_packages(prefix_path) using defaults
[0.554s] Level 5:colcon.colcon_core.verb:set package 'launchers' build argument 'cmake_args' from command line to 'None'
[0.554s] Level 5:colcon.colcon_core.verb:set package 'launchers' build argument 'cmake_target' from command line to 'None'
[0.554s] Level 5:colcon.colcon_core.verb:set package 'launchers' build argument 'cmake_target_skip_unavailable' from command line to 'False'
[0.554s] Level 5:colcon.colcon_core.verb:set package 'launchers' build argument 'cmake_clean_cache' from command line to 'False'
[0.554s] Level 5:colcon.colcon_core.verb:set package 'launchers' build argument 'cmake_clean_first' from command line to 'False'
[0.554s] Level 5:colcon.colcon_core.verb:set package 'launchers' build argument 'cmake_force_configure' from command line to 'False'
[0.554s] Level 5:colcon.colcon_core.verb:set package 'launchers' build argument 'ament_cmake_args' from command line to 'None'
[0.554s] Level 5:colcon.colcon_core.verb:set package 'launchers' build argument 'catkin_cmake_args' from command line to 'None'
[0.554s] Level 5:colcon.colcon_core.verb:set package 'launchers' build argument 'catkin_skip_building_tests' from command line to 'False'
[0.554s] DEBUG:colcon.colcon_core.verb:Building package 'launchers' with the following arguments: {'ament_cmake_args': None, 'build_base': '/home/adriel/dwm_ws/build/launchers', 'catkin_cmake_args': None, 'catkin_skip_building_tests': False, 'cmake_args': None, 'cmake_clean_cache': False, 'cmake_clean_first': False, 'cmake_force_configure': False, 'cmake_target': None, 'cmake_target_skip_unavailable': False, 'install_base': '/home/adriel/dwm_ws/install/launchers', 'merge_install': False, 'path': '/home/adriel/dwm_ws/src/launchers', 'symlink_install': False, 'test_result_base': None}
[0.560s] Level 5:colcon.colcon_core.verb:set package 'locator' build argument 'cmake_args' from command line to 'None'
[0.560s] Level 5:colcon.colcon_core.verb:set package 'locator' build argument 'cmake_target' from command line to 'None'
[0.560s] Level 5:colcon.colcon_core.verb:set package 'locator' build argument 'cmake_target_skip_unavailable' from command line to 'False'
[0.560s] Level 5:colcon.colcon_core.verb:set package 'locator' build argument 'cmake_clean_cache' from command line to 'False'
[0.560s] Level 5:colcon.colcon_core.verb:set package 'locator' build argument 'cmake_clean_first' from command line to 'False'
[0.560s] Level 5:colcon.colcon_core.verb:set package 'locator' build argument 'cmake_force_configure' from command line to 'False'
[0.560s] Level 5:colcon.colcon_core.verb:set package 'locator' build argument 'ament_cmake_args' from command line to 'None'
[0.560s] Level 5:colcon.colcon_core.verb:set package 'locator' build argument 'catkin_cmake_args' from command line to 'None'
[0.560s] Level 5:colcon.colcon_core.verb:set package 'locator' build argument 'catkin_skip_building_tests' from command line to 'False'
[0.561s] DEBUG:colcon.colcon_core.verb:Building package 'locator' with the following arguments: {'ament_cmake_args': None, 'build_base': '/home/adriel/dwm_ws/build/locator', 'catkin_cmake_args': None, 'catkin_skip_building_tests': False, 'cmake_args': None, 'cmake_clean_cache': False, 'cmake_clean_first': False, 'cmake_force_configure': False, 'cmake_target': None, 'cmake_target_skip_unavailable': False, 'install_base': '/home/adriel/dwm_ws/install/locator', 'merge_install': False, 'path': '/home/adriel/dwm_ws/src/locator', 'symlink_install': False, 'test_result_base': None}
[0.566s] INFO:colcon.colcon_core.executor:Executing jobs using 'parallel' executor
[0.573s] DEBUG:colcon.colcon_parallel_executor.executor.parallel:run_until_complete
[0.573s] INFO:colcon.colcon_ros.task.ament_python.build:Building ROS package in '/home/adriel/dwm_ws/src/launchers' with build type 'ament_python'
[0.573s] Level 1:colcon.colcon_core.shell:create_environment_hook('launchers', 'ament_prefix_path')
[0.580s] INFO:colcon.colcon_core.plugin_system:Skipping extension 'colcon_core.shell.bat': Not used on non-Windows systems
[0.580s] INFO:colcon.colcon_core.shell:Creating environment hook '/home/adriel/dwm_ws/install/launchers/share/launchers/hook/ament_prefix_path.ps1'
[0.580s] INFO:colcon.colcon_core.shell:Creating environment descriptor '/home/adriel/dwm_ws/install/launchers/share/launchers/hook/ament_prefix_path.dsv'
[0.580s] INFO:colcon.colcon_core.shell:Creating environment hook '/home/adriel/dwm_ws/install/launchers/share/launchers/hook/ament_prefix_path.sh'
[0.587s] INFO:colcon.colcon_core.shell:Skip shell extension 'powershell' for command environment: Not usable outside of PowerShell
[0.587s] DEBUG:colcon.colcon_core.shell:Skip shell extension 'dsv' for command environment
[0.606s] INFO:colcon.colcon_ros.task.ament_python.build:Building ROS package in '/home/adriel/dwm_ws/src/locator' with build type 'ament_python'
[0.606s] Level 1:colcon.colcon_core.shell:create_environment_hook('locator', 'ament_prefix_path')
[0.613s] INFO:colcon.colcon_core.shell:Creating environment hook '/home/adriel/dwm_ws/install/locator/share/locator/hook/ament_prefix_path.ps1'
[0.613s] INFO:colcon.colcon_core.shell:Creating environment descriptor '/home/adriel/dwm_ws/install/locator/share/locator/hook/ament_prefix_path.dsv'
[0.613s] INFO:colcon.colcon_core.shell:Creating environment hook '/home/adriel/dwm_ws/install/locator/share/locator/hook/ament_prefix_path.sh'
[0.619s] INFO:colcon.colcon_core.shell:Skip shell extension 'powershell' for command environment: Not usable outside of PowerShell
[0.619s] DEBUG:colcon.colcon_core.shell:Skip shell extension 'dsv' for command environment
[0.767s] INFO:colcon.colcon_core.task.python.build:Building Python package in '/home/adriel/dwm_ws/src/launchers'
[0.774s] INFO:colcon.colcon_core.shell:Skip shell extension 'powershell' for command environment: Not usable outside of PowerShell
[0.774s] DEBUG:colcon.colcon_core.shell:Skip shell extension 'dsv' for command environment
[0.920s] INFO:colcon.colcon_core.task.python.build:Building Python package in '/home/adriel/dwm_ws/src/locator'
[0.927s] INFO:colcon.colcon_core.shell:Skip shell extension 'powershell' for command environment: Not usable outside of PowerShell
[0.927s] DEBUG:colcon.colcon_core.shell:Skip shell extension 'dsv' for command environment
[1.114s] DEBUG:colcon.colcon_core.event_handler.log_command:Invoking command in '/home/adriel/dwm_ws/src/locator': PYTHONPATH=/home/adriel/dwm_ws/build/locator/prefix_override:/home/adriel/dwm_ws/install/locator/lib/python3.10/site-packages:${PYTHONPATH} /usr/bin/python3 setup.py egg_info --egg-base ../../build/locator build --build-base /home/adriel/dwm_ws/build/locator/build install --record /home/adriel/dwm_ws/build/locator/install.log --single-version-externally-managed
[1.123s] DEBUG:colcon.colcon_core.event_handler.log_command:Invoking command in '/home/adriel/dwm_ws/src/launchers': PYTHONPATH=/home/adriel/dwm_ws/build/launchers/prefix_override:/home/adriel/dwm_ws/install/launchers/lib/python3.10/site-packages:${PYTHONPATH} /usr/bin/python3 setup.py egg_info --egg-base ../../build/launchers build --build-base /home/adriel/dwm_ws/build/launchers/build install --record /home/adriel/dwm_ws/build/launchers/install.log --single-version-externally-managed
[1.268s] DEBUG:colcon.colcon_core.event_handler.log_command:Invoked command in '/home/adriel/dwm_ws/src/locator' returned '0': PYTHONPATH=/home/adriel/dwm_ws/build/locator/prefix_override:/home/adriel/dwm_ws/install/locator/lib/python3.10/site-packages:${PYTHONPATH} /usr/bin/python3 setup.py egg_info --egg-base ../../build/locator build --build-base /home/adriel/dwm_ws/build/locator/build install --record /home/adriel/dwm_ws/build/locator/install.log --single-version-externally-managed
[1.275s] Level 1:colcon.colcon_core.environment:checking '/home/adriel/dwm_ws/install/locator' for CMake module files
[1.275s] Level 1:colcon.colcon_core.environment:checking '/home/adriel/dwm_ws/install/locator' for CMake config files
[1.276s] Level 1:colcon.colcon_core.environment:checking '/home/adriel/dwm_ws/install/locator/lib'
[1.276s] Level 1:colcon.colcon_core.environment:checking '/home/adriel/dwm_ws/install/locator/bin'
[1.276s] Level 1:colcon.colcon_core.environment:checking '/home/adriel/dwm_ws/install/locator/lib/pkgconfig/locator.pc'
[1.276s] Level 1:colcon.colcon_core.environment:checking '/home/adriel/dwm_ws/install/locator/lib/python3.10/site-packages'
[1.276s] Level 1:colcon.colcon_core.shell:create_environment_hook('locator', 'pythonpath')
[1.282s] INFO:colcon.colcon_core.shell:Creating environment hook '/home/adriel/dwm_ws/install/locator/share/locator/hook/pythonpath.ps1'
[1.282s] INFO:colcon.colcon_core.shell:Creating environment descriptor '/home/adriel/dwm_ws/install/locator/share/locator/hook/pythonpath.dsv'
[1.282s] INFO:colcon.colcon_core.shell:Creating environment hook '/home/adriel/dwm_ws/install/locator/share/locator/hook/pythonpath.sh'
[1.283s] Level 1:colcon.colcon_core.environment:checking '/home/adriel/dwm_ws/install/locator/bin'
[1.283s] Level 1:colcon.colcon_core.environment:create_environment_scripts_only(locator)
[1.289s] INFO:colcon.colcon_core.shell:Creating package script '/home/adriel/dwm_ws/install/locator/share/locator/package.ps1'
[1.289s] INFO:colcon.colcon_core.shell:Creating package descriptor '/home/adriel/dwm_ws/install/locator/share/locator/package.dsv'
[1.289s] INFO:colcon.colcon_core.shell:Creating package script '/home/adriel/dwm_ws/install/locator/share/locator/package.sh'
[1.289s] INFO:colcon.colcon_core.shell:Creating package script '/home/adriel/dwm_ws/install/locator/share/locator/package.bash'
[1.290s] INFO:colcon.colcon_core.shell:Creating package script '/home/adriel/dwm_ws/install/locator/share/locator/package.zsh'
[1.290s] Level 1:colcon.colcon_core.environment:create_file_with_runtime_dependencies(/home/adriel/dwm_ws/install/locator/share/colcon-core/packages/locator)
[1.291s] DEBUG:colcon.colcon_core.event_handler.log_command:Invoked command in '/home/adriel/dwm_ws/src/launchers' returned '0': PYTHONPATH=/home/adriel/dwm_ws/build/launchers/prefix_override:/home/adriel/dwm_ws/install/launchers/lib/python3.10/site-packages:${PYTHONPATH} /usr/bin/python3 setup.py egg_info --egg-base ../../build/launchers build --build-base /home/adriel/dwm_ws/build/launchers/build install --record /home/adriel/dwm_ws/build/launchers/install.log --single-version-externally-managed
[1.297s] Level 1:colcon.colcon_core.environment:checking '/home/adriel/dwm_ws/install/launchers' for CMake module files
[1.297s] Level 1:colcon.colcon_core.environment:checking '/home/adriel/dwm_ws/install/launchers' for CMake config files
[1.297s] Level 1:colcon.colcon_core.environment:checking '/home/adriel/dwm_ws/install/launchers/lib'
[1.297s] Level 1:colcon.colcon_core.environment:checking '/home/adriel/dwm_ws/install/launchers/bin'
[1.297s] Level 1:colcon.colcon_core.environment:checking '/home/adriel/dwm_ws/install/launchers/lib/pkgconfig/launchers.pc'
[1.298s] Level 1:colcon.colcon_core.environment:checking '/home/adriel/dwm_ws/install/launchers/lib/python3.10/site-packages'
[1.298s] Level 1:colcon.colcon_core.shell:create_environment_hook('launchers', 'pythonpath')
[1.304s] INFO:colcon.colcon_core.shell:Creating environment hook '/home/adriel/dwm_ws/install/launchers/share/launchers/hook/pythonpath.ps1'
[1.304s] INFO:colcon.colcon_core.shell:Creating environment descriptor '/home/adriel/dwm_ws/install/launchers/share/launchers/hook/pythonpath.dsv'
[1.304s] INFO:colcon.colcon_core.shell:Creating environment hook '/home/adriel/dwm_ws/install/launchers/share/launchers/hook/pythonpath.sh'
[1.304s] Level 1:colcon.colcon_core.environment:checking '/home/adriel/dwm_ws/install/launchers/bin'
[1.305s] Level 1:colcon.colcon_core.environment:create_environment_scripts_only(launchers)
[1.312s] INFO:colcon.colcon_core.shell:Creating package script '/home/adriel/dwm_ws/install/launchers/share/launchers/package.ps1'
[1.312s] INFO:colcon.colcon_core.shell:Creating package descriptor '/home/adriel/dwm_ws/install/launchers/share/launchers/package.dsv'
[1.312s] INFO:colcon.colcon_core.shell:Creating package script '/home/adriel/dwm_ws/install/launchers/share/launchers/package.sh'
[1.312s] INFO:colcon.colcon_core.shell:Creating package script '/home/adriel/dwm_ws/install/launchers/share/launchers/package.bash'
[1.312s] INFO:colcon.colcon_core.shell:Creating package script '/home/adriel/dwm_ws/install/launchers/share/launchers/package.zsh'
[1.312s] Level 1:colcon.colcon_core.environment:create_file_with_runtime_dependencies(/home/adriel/dwm_ws/install/launchers/share/colcon-core/packages/launchers)
[1.312s] DEBUG:colcon.colcon_parallel_executor.executor.parallel:closing loop
[1.313s] DEBUG:colcon.colcon_parallel_executor.executor.parallel:loop closed
[1.313s] DEBUG:colcon.colcon_parallel_executor.executor.parallel:run_until_complete finished with '0'
[1.313s] DEBUG:colcon.colcon_core.event_reactor:joining thread
[1.321s] INFO:colcon.colcon_core.plugin_system:Skipping extension 'colcon_notification.desktop_notification.terminal_notifier': Not used on non-Darwin systems
[1.321s] INFO:colcon.colcon_core.plugin_system:Skipping extension 'colcon_notification.desktop_notification.win32': Not used on non-Windows systems
[1.321s] INFO:colcon.colcon_notification.desktop_notification:Sending desktop notification using 'notify2'
[1.329s] DEBUG:colcon.colcon_core.event_reactor:joined thread
[1.336s] INFO:colcon.colcon_core.shell:Creating prefix script '/home/adriel/dwm_ws/install/local_setup.ps1'
[1.336s] INFO:colcon.colcon_core.shell:Creating prefix util module '/home/adriel/dwm_ws/install/_local_setup_util_ps1.py'
[1.337s] INFO:colcon.colcon_core.shell:Creating prefix chain script '/home/adriel/dwm_ws/install/setup.ps1'
[1.343s] INFO:colcon.colcon_core.shell:Creating prefix script '/home/adriel/dwm_ws/install/local_setup.sh'
[1.344s] INFO:colcon.colcon_core.shell:Creating prefix util module '/home/adriel/dwm_ws/install/_local_setup_util_sh.py'
[1.344s] INFO:colcon.colcon_core.shell:Creating prefix chain script '/home/adriel/dwm_ws/install/setup.sh'
[1.350s] INFO:colcon.colcon_core.shell:Creating prefix script '/home/adriel/dwm_ws/install/local_setup.bash'
[1.350s] INFO:colcon.colcon_core.shell:Creating prefix chain script '/home/adriel/dwm_ws/install/setup.bash'
[1.356s] INFO:colcon.colcon_core.shell:Creating prefix script '/home/adriel/dwm_ws/install/local_setup.zsh'
[1.356s] INFO:colcon.colcon_core.shell:Creating prefix chain script '/home/adriel/dwm_ws/install/setup.zsh'
