running egg_info
creating ../../build/locator/locator.egg-info
writing ../../build/locator/locator.egg-info/PKG-INFO
writing dependency_links to ../../build/locator/locator.egg-info/dependency_links.txt
writing entry points to ../../build/locator/locator.egg-info/entry_points.txt
writing requirements to ../../build/locator/locator.egg-info/requires.txt
writing top-level names to ../../build/locator/locator.egg-info/top_level.txt
writing manifest file '../../build/locator/locator.egg-info/SOURCES.txt'
reading manifest file '../../build/locator/locator.egg-info/SOURCES.txt'
writing manifest file '../../build/locator/locator.egg-info/SOURCES.txt'
running build
running build_py
creating /home/adriel/dwm_ws/build/locator/build
creating /home/adriel/dwm_ws/build/locator/build/lib
creating /home/adriel/dwm_ws/build/locator/build/lib/locator
copying locator/__init__.py -> /home/adriel/dwm_ws/build/locator/build/lib/locator
copying locator/new_serial_port_sub.py -> /home/adriel/dwm_ws/build/locator/build/lib/locator
copying locator/serial_port_pub.py -> /home/adriel/dwm_ws/build/locator/build/lib/locator
running install
running install_lib
creating /home/adriel/dwm_ws/install/locator/lib/python3.10/site-packages/locator
copying /home/adriel/dwm_ws/build/locator/build/lib/locator/__init__.py -> /home/adriel/dwm_ws/install/locator/lib/python3.10/site-packages/locator
copying /home/adriel/dwm_ws/build/locator/build/lib/locator/new_serial_port_sub.py -> /home/adriel/dwm_ws/install/locator/lib/python3.10/site-packages/locator
copying /home/adriel/dwm_ws/build/locator/build/lib/locator/serial_port_pub.py -> /home/adriel/dwm_ws/install/locator/lib/python3.10/site-packages/locator
byte-compiling /home/adriel/dwm_ws/install/locator/lib/python3.10/site-packages/locator/__init__.py to __init__.cpython-310.pyc
byte-compiling /home/adriel/dwm_ws/install/locator/lib/python3.10/site-packages/locator/new_serial_port_sub.py to new_serial_port_sub.cpython-310.pyc
byte-compiling /home/adriel/dwm_ws/install/locator/lib/python3.10/site-packages/locator/serial_port_pub.py to serial_port_pub.cpython-310.pyc
running install_data
creating /home/adriel/dwm_ws/install/locator/share/ament_index
creating /home/adriel/dwm_ws/install/locator/share/ament_index/resource_index
creating /home/adriel/dwm_ws/install/locator/share/ament_index/resource_index/packages
copying resource/locator -> /home/adriel/dwm_ws/install/locator/share/ament_index/resource_index/packages
copying package.xml -> /home/adriel/dwm_ws/install/locator/share/locator
creating /home/adriel/dwm_ws/install/locator/share/locator/config
running install_egg_info
Copying ../../build/locator/locator.egg-info to /home/adriel/dwm_ws/install/locator/lib/python3.10/site-packages/locator-0.0.0-py3.10.egg-info
running install_scripts
Installing DWranging script to /home/adriel/dwm_ws/install/locator/lib/locator
Installing new_serial_sub script to /home/adriel/dwm_ws/install/locator/lib/locator
Installing serial_pub script to /home/adriel/dwm_ws/install/locator/lib/locator
Installing serial_sub script to /home/adriel/dwm_ws/install/locator/lib/locator
Installing uwb_logs script to /home/adriel/dwm_ws/install/locator/lib/locator
writing list of installed files to '/home/adriel/dwm_ws/build/locator/install.log'
