[0.507s] Invoking command in '/home/adriel/dwm_ws/src/locator': PYTHONPATH=/home/adriel/dwm_ws/build/locator/prefix_override:/home/adriel/dwm_ws/install/locator/lib/python3.10/site-packages:${PYTHONPATH} /usr/bin/python3 setup.py egg_info --egg-base ../../build/locator build --build-base /home/adriel/dwm_ws/build/locator/build install --record /home/adriel/dwm_ws/build/locator/install.log --single-version-externally-managed
[0.630s] running egg_info
[0.630s] creating ../../build/locator/locator.egg-info
[0.630s] writing ../../build/locator/locator.egg-info/PKG-INFO
[0.630s] writing dependency_links to ../../build/locator/locator.egg-info/dependency_links.txt
[0.630s] writing entry points to ../../build/locator/locator.egg-info/entry_points.txt
[0.630s] writing requirements to ../../build/locator/locator.egg-info/requires.txt
[0.630s] writing top-level names to ../../build/locator/locator.egg-info/top_level.txt
[0.630s] writing manifest file '../../build/locator/locator.egg-info/SOURCES.txt'
[0.631s] reading manifest file '../../build/locator/locator.egg-info/SOURCES.txt'
[0.631s] writing manifest file '../../build/locator/locator.egg-info/SOURCES.txt'
[0.632s] running build
[0.632s] running build_py
[0.632s] creating /home/adriel/dwm_ws/build/locator/build
[0.632s] creating /home/adriel/dwm_ws/build/locator/build/lib
[0.632s] creating /home/adriel/dwm_ws/build/locator/build/lib/locator
[0.632s] copying locator/__init__.py -> /home/adriel/dwm_ws/build/locator/build/lib/locator
[0.632s] copying locator/new_serial_port_sub.py -> /home/adriel/dwm_ws/build/locator/build/lib/locator
[0.632s] copying locator/serial_port_pub.py -> /home/adriel/dwm_ws/build/locator/build/lib/locator
[0.632s] running install
[0.632s] running install_lib
[0.632s] creating /home/adriel/dwm_ws/install/locator/lib/python3.10/site-packages/locator
[0.632s] copying /home/adriel/dwm_ws/build/locator/build/lib/locator/__init__.py -> /home/adriel/dwm_ws/install/locator/lib/python3.10/site-packages/locator
[0.632s] copying /home/adriel/dwm_ws/build/locator/build/lib/locator/new_serial_port_sub.py -> /home/adriel/dwm_ws/install/locator/lib/python3.10/site-packages/locator
[0.632s] copying /home/adriel/dwm_ws/build/locator/build/lib/locator/serial_port_pub.py -> /home/adriel/dwm_ws/install/locator/lib/python3.10/site-packages/locator
[0.633s] byte-compiling /home/adriel/dwm_ws/install/locator/lib/python3.10/site-packages/locator/__init__.py to __init__.cpython-310.pyc
[0.633s] byte-compiling /home/adriel/dwm_ws/install/locator/lib/python3.10/site-packages/locator/new_serial_port_sub.py to new_serial_port_sub.cpython-310.pyc
[0.634s] byte-compiling /home/adriel/dwm_ws/install/locator/lib/python3.10/site-packages/locator/serial_port_pub.py to serial_port_pub.cpython-310.pyc
[0.634s] running install_data
[0.634s] creating /home/adriel/dwm_ws/install/locator/share/ament_index
[0.634s] creating /home/adriel/dwm_ws/install/locator/share/ament_index/resource_index
[0.634s] creating /home/adriel/dwm_ws/install/locator/share/ament_index/resource_index/packages
[0.634s] copying resource/locator -> /home/adriel/dwm_ws/install/locator/share/ament_index/resource_index/packages
[0.634s] copying package.xml -> /home/adriel/dwm_ws/install/locator/share/locator
[0.634s] creating /home/adriel/dwm_ws/install/locator/share/locator/config
[0.634s] running install_egg_info
[0.635s] Copying ../../build/locator/locator.egg-info to /home/adriel/dwm_ws/install/locator/lib/python3.10/site-packages/locator-0.0.0-py3.10.egg-info
[0.636s] running install_scripts
[0.647s] Installing DWranging script to /home/adriel/dwm_ws/install/locator/lib/locator
[0.647s] Installing new_serial_sub script to /home/adriel/dwm_ws/install/locator/lib/locator
[0.647s] Installing serial_pub script to /home/adriel/dwm_ws/install/locator/lib/locator
[0.648s] Installing serial_sub script to /home/adriel/dwm_ws/install/locator/lib/locator
[0.648s] Installing uwb_logs script to /home/adriel/dwm_ws/install/locator/lib/locator
[0.648s] writing list of installed files to '/home/adriel/dwm_ws/build/locator/install.log'
[0.661s] Invoked command in '/home/adriel/dwm_ws/src/locator' returned '0': PYTHONPATH=/home/adriel/dwm_ws/build/locator/prefix_override:/home/adriel/dwm_ws/install/locator/lib/python3.10/site-packages:${PYTHONPATH} /usr/bin/python3 setup.py egg_info --egg-base ../../build/locator build --build-base /home/adriel/dwm_ws/build/locator/build install --record /home/adriel/dwm_ws/build/locator/install.log --single-version-externally-managed
